<?xml version="1.0" encoding="UTF-8"?>
<!-- Generated by org.testng.reporters.JUnitXMLReporter -->
<testsuite hostname="RMM-LT-1056" ignored="6" name="Bright Gauge API&#039;s" tests="21" failures="0" timestamp="2020-03-31T14:22:09 IST" time="4.858" errors="0">
  <testcase name="validateGetPolicyDetailsAPIWithInvalidDetails" time="1.942" classname="org.continuum.testcases.ValidateGetPolicyDetailsAPI"/>
  <testcase name="validateGetPolicyDetailsAPIWithInvalidDetails" time="0.105" classname="org.continuum.testcases.ValidateGetPolicyDetailsAPI"/>
  <testcase name="validateGetPolicyDetailsAPIWithValidDetails" time="0.152" classname="org.continuum.testcases.ValidateGetPolicyDetailsAPI"/>
  <testcase name="validateGetAssignedPoliciesAPIWithDefaultDetails" time="0.199" classname="org.continuum.testcases.ValidateGetAssignedPoliciesAPI"/>
  <testcase name="validateGetAssignedPoliciesAPIWithValidDetails" time="0.165" classname="org.continuum.testcases.ValidateGetAssignedPoliciesAPI"/>
  <testcase name="validateGetAssignedPoliciesAPIWithValidDetails" time="0.068" classname="org.continuum.testcases.ValidateGetAssignedPoliciesAPI"/>
  <testcase name="validateGetPartnerMetaDataAPIWithInvalidOperation" time="0.059" classname="org.continuum.testcases.ValidateGetPartnerMetaDataAPI"/>
  <testcase name="validateGetPartnerMetaDataAPIWithInvalidPartnerID" time="0.058" classname="org.continuum.testcases.ValidateGetPartnerMetaDataAPI"/>
  <testcase name="validateGetPartnerMetaDataAPIWithValidDetails" time="0.094" classname="org.continuum.testcases.ValidateGetPartnerMetaDataAPI"/>
  <testcase name="validateGetPartnerMetaDataAPIWithValidDetails" time="0.092" classname="org.continuum.testcases.ValidateGetPartnerMetaDataAPI"/>
  <testcase name="validateGetPartnerMetaDataAPIWithValidDetails" time="0.119" classname="org.continuum.testcases.ValidateGetPartnerMetaDataAPI"/>
  <testcase name="validateGetListSiteAPIWithInvalidDetails" time="0.153" classname="org.continuum.testcases.ValidateGetListSiteAPI"/>
  <testcase name="validateGetListSiteAPIWithInvalidDetails" time="0.115" classname="org.continuum.testcases.ValidateGetListSiteAPI"/>
  <testcase name="validateGetListSiteAPIWithInvalidDetails" time="0.131" classname="org.continuum.testcases.ValidateGetListSiteAPI"/>
  <testcase name="validateGetListSiteAPIWithInvalidDetails" time="0.164" classname="org.continuum.testcases.ValidateGetListSiteAPI"/>
  <testcase name="validateGetListSiteAPIWithValidDetails" time="0.207" classname="org.continuum.testcases.ValidateGetListSiteAPI"/>
  <testcase name="validateGetListSiteAPIWithValidDetails" time="0.405" classname="org.continuum.testcases.ValidateGetListSiteAPI"/>
  <testcase name="validateGetListSiteAPIWithValidDetails" time="0.153" classname="org.continuum.testcases.ValidateGetListSiteAPI"/>
  <testcase name="validateGetListSiteAPIWithValidDetails" time="0.21" classname="org.continuum.testcases.ValidateGetListSiteAPI"/>
  <testcase name="validateGetListSiteAPIWithValidDetails" time="0.116" classname="org.continuum.testcases.ValidateGetListSiteAPI"/>
  <testcase name="validateListSiteAPIWithInvalidOperation" time="0.07" classname="org.continuum.testcases.ValidateGetListSiteAPI"/>
  <testcase name="@BeforeSuite setUpFramework" time="0.0" classname="org.continuum.setup.TestSetUp">
    <ignored/>
  </testcase> <!-- @BeforeSuite setUpFramework -->
  <testcase name="@BeforeSuite setUpFramework" time="0.0" classname="org.continuum.setup.TestSetUp">
    <ignored/>
  </testcase> <!-- @BeforeSuite setUpFramework -->
  <testcase name="@BeforeSuite setUpFramework" time="0.0" classname="org.continuum.setup.TestSetUp">
    <ignored/>
  </testcase> <!-- @BeforeSuite setUpFramework -->
  <testcase name="@AfterSuite afterSuite" time="0.0" classname="org.continuum.setup.TestSetUp">
    <ignored/>
  </testcase> <!-- @AfterSuite afterSuite -->
  <testcase name="@AfterSuite afterSuite" time="0.0" classname="org.continuum.setup.TestSetUp">
    <ignored/>
  </testcase> <!-- @AfterSuite afterSuite -->
  <testcase name="@AfterSuite afterSuite" time="0.0" classname="org.continuum.setup.TestSetUp">
    <ignored/>
  </testcase> <!-- @AfterSuite afterSuite -->
</testsuite> <!-- Bright Gauge API's -->
