<?xml version="1.0" encoding="UTF-8"?>
<!-- Generated by org.testng.reporters.JUnitXMLReporter -->
<testsuite hostname="RMM-LT-1056" ignored="6" name="Bright Gauge API&#039;s" tests="21" failures="0" timestamp="2020-03-31T14:29:00 IST" time="5.831" errors="0">
  <testcase name="validateGetPolicyDetailsAPIWithInvalidDetails" time="1.381" classname="org.continuum.testcases.ValidateGetPolicyDetailsAPI"/>
  <testcase name="validateGetPolicyDetailsAPIWithInvalidDetails" time="0.072" classname="org.continuum.testcases.ValidateGetPolicyDetailsAPI"/>
  <testcase name="validateGetPolicyDetailsAPIWithValidDetails" time="1.843" classname="org.continuum.testcases.ValidateGetPolicyDetailsAPI"/>
  <testcase name="validateGetAssignedPoliciesAPIWithDefaultDetails" time="0.265" classname="org.continuum.testcases.ValidateGetAssignedPoliciesAPI"/>
  <testcase name="validateGetAssignedPoliciesAPIWithValidDetails" time="0.14" classname="org.continuum.testcases.ValidateGetAssignedPoliciesAPI"/>
  <testcase name="validateGetAssignedPoliciesAPIWithValidDetails" time="0.13" classname="org.continuum.testcases.ValidateGetAssignedPoliciesAPI"/>
  <testcase name="validateGetPartnerMetaDataAPIWithInvalidOperation" time="0.085" classname="org.continuum.testcases.ValidateGetPartnerMetaDataAPI"/>
  <testcase name="validateGetPartnerMetaDataAPIWithInvalidPartnerID" time="0.086" classname="org.continuum.testcases.ValidateGetPartnerMetaDataAPI"/>
  <testcase name="validateGetPartnerMetaDataAPIWithValidDetails" time="0.08" classname="org.continuum.testcases.ValidateGetPartnerMetaDataAPI"/>
  <testcase name="validateGetPartnerMetaDataAPIWithValidDetails" time="0.07" classname="org.continuum.testcases.ValidateGetPartnerMetaDataAPI"/>
  <testcase name="validateGetPartnerMetaDataAPIWithValidDetails" time="0.065" classname="org.continuum.testcases.ValidateGetPartnerMetaDataAPI"/>
  <testcase name="validateGetListSiteAPIWithInvalidDetails" time="0.125" classname="org.continuum.testcases.ValidateGetListSiteAPI"/>
  <testcase name="validateGetListSiteAPIWithInvalidDetails" time="0.08" classname="org.continuum.testcases.ValidateGetListSiteAPI"/>
  <testcase name="validateGetListSiteAPIWithInvalidDetails" time="0.088" classname="org.continuum.testcases.ValidateGetListSiteAPI"/>
  <testcase name="validateGetListSiteAPIWithInvalidDetails" time="0.122" classname="org.continuum.testcases.ValidateGetListSiteAPI"/>
  <testcase name="validateGetListSiteAPIWithValidDetails" time="0.335" classname="org.continuum.testcases.ValidateGetListSiteAPI"/>
  <testcase name="validateGetListSiteAPIWithValidDetails" time="0.34" classname="org.continuum.testcases.ValidateGetListSiteAPI"/>
  <testcase name="validateGetListSiteAPIWithValidDetails" time="0.148" classname="org.continuum.testcases.ValidateGetListSiteAPI"/>
  <testcase name="validateGetListSiteAPIWithValidDetails" time="0.192" classname="org.continuum.testcases.ValidateGetListSiteAPI"/>
  <testcase name="validateGetListSiteAPIWithValidDetails" time="0.068" classname="org.continuum.testcases.ValidateGetListSiteAPI"/>
  <testcase name="validateListSiteAPIWithInvalidOperation" time="0.036" classname="org.continuum.testcases.ValidateGetListSiteAPI"/>
  <testcase name="@BeforeSuite setUpFramework" time="0.0" classname="org.continuum.setup.TestSetUp">
    <ignored/>
  </testcase> <!-- @BeforeSuite setUpFramework -->
  <testcase name="@BeforeSuite setUpFramework" time="0.0" classname="org.continuum.setup.TestSetUp">
    <ignored/>
  </testcase> <!-- @BeforeSuite setUpFramework -->
  <testcase name="@BeforeSuite setUpFramework" time="0.0" classname="org.continuum.setup.TestSetUp">
    <ignored/>
  </testcase> <!-- @BeforeSuite setUpFramework -->
  <testcase name="@AfterSuite afterSuite" time="0.0" classname="org.continuum.setup.TestSetUp">
    <ignored/>
  </testcase> <!-- @AfterSuite afterSuite -->
  <testcase name="@AfterSuite afterSuite" time="0.0" classname="org.continuum.setup.TestSetUp">
    <ignored/>
  </testcase> <!-- @AfterSuite afterSuite -->
  <testcase name="@AfterSuite afterSuite" time="0.0" classname="org.continuum.setup.TestSetUp">
    <ignored/>
  </testcase> <!-- @AfterSuite afterSuite -->
</testsuite> <!-- Bright Gauge API's -->
