<?xml version="1.0" encoding="UTF-8"?>
<testsuite name="TestSuite" time="4.39" tests="21" errors="0" skipped="0" failures="0">
  <properties>
[...]
</properties>
  <testcase name="validateGetPolicyDetailsAPIWithInvalidDetails" classname="org.continuum.testcases.ValidateGetPolicyDetailsAPI" time="1.392"/>
  <testcase name="validateGetPolicyDetailsAPIWithInvalidDetails" classname="org.continuum.testcases.ValidateGetPolicyDetailsAPI" time="0.069"/>
  <testcase name="validateGetPolicyDetailsAPIWithValidDetails" classname="org.continuum.testcases.ValidateGetPolicyDetailsAPI" time="1.842"/>
  <testcase name="validateGetAssignedPoliciesAPIWithDefaultDetails" classname="org.continuum.testcases.ValidateGetAssignedPoliciesAPI" time="0.266"/>
  <testcase name="validateGetAssignedPoliciesAPIWithValidDetails" classname="org.continuum.testcases.ValidateGetAssignedPoliciesAPI" time="0.14"/>
  <testcase name="validateGetAssignedPoliciesAPIWithValidDetails" classname="org.continuum.testcases.ValidateGetAssignedPoliciesAPI" time="0.13"/>
  <testcase name="validateGetPartnerMetaDataAPIWithInvalidOperation" classname="org.continuum.testcases.ValidateGetPartnerMetaDataAPI" time="0.085"/>
  <testcase name="validateGetPartnerMetaDataAPIWithInvalidPartnerID" classname="org.continuum.testcases.ValidateGetPartnerMetaDataAPI" time="0.087"/>
  <testcase name="validateGetPartnerMetaDataAPIWithValidDetails" classname="org.continuum.testcases.ValidateGetPartnerMetaDataAPI" time="0.081"/>
  <testcase name="validateGetPartnerMetaDataAPIWithValidDetails" classname="org.continuum.testcases.ValidateGetPartnerMetaDataAPI" time="0.07"/>
  <testcase name="validateGetPartnerMetaDataAPIWithValidDetails" classname="org.continuum.testcases.ValidateGetPartnerMetaDataAPI" time="0.066"/>
  <testcase name="validateGetListSiteAPIWithInvalidDetails" classname="org.continuum.testcases.ValidateGetListSiteAPI" time="0.125"/>
  <testcase name="validateGetListSiteAPIWithInvalidDetails" classname="org.continuum.testcases.ValidateGetListSiteAPI" time="0.081"/>
  <testcase name="validateGetListSiteAPIWithInvalidDetails" classname="org.continuum.testcases.ValidateGetListSiteAPI" time="0.088"/>
  <testcase name="validateGetListSiteAPIWithInvalidDetails" classname="org.continuum.testcases.ValidateGetListSiteAPI" time="0.123"/>
  <testcase name="validateGetListSiteAPIWithValidDetails" classname="org.continuum.testcases.ValidateGetListSiteAPI" time="0.336"/>
  <testcase name="validateGetListSiteAPIWithValidDetails" classname="org.continuum.testcases.ValidateGetListSiteAPI" time="0.341"/>
  <testcase name="validateGetListSiteAPIWithValidDetails" classname="org.continuum.testcases.ValidateGetListSiteAPI" time="0.148"/>
  <testcase name="validateGetListSiteAPIWithValidDetails" classname="org.continuum.testcases.ValidateGetListSiteAPI" time="0.192"/>
  <testcase name="validateGetListSiteAPIWithValidDetails" classname="org.continuum.testcases.ValidateGetListSiteAPI" time="0.069"/>
  <testcase name="validateListSiteAPIWithInvalidOperation" classname="org.continuum.testcases.ValidateGetListSiteAPI" time="0.036"/>
</testsuite>